# JRE version: OpenJDK Runtime Environment Corretto-17.0.3.6.1 (17.0.3+6) (build 17.0.3+6-LTS)
# Java VM: OpenJDK 64-Bit Server VM Corretto-17.0.3.6.1 (17.0.3+6-LTS, mixed mode, sharing, tiered, compressed oops, compressed class ptrs, g1 gc, windows-amd64)
GC Precious Log:
 CPUs: 8 total, 8 available
 Memory: 16268M
 Large Page Support: Disabled
 NUMA Support: Disabled
 Compressed Oops: Enabled (32-bit)
 Heap Region Size: 1M
 Heap Min Capacity: 256M
 Heap Initial Capacity: 256M
 Heap Max Capacity: 512M
 Pre-touch: Disabled
 Parallel Workers: 8
 Concurrent Workers: 2
 Concurrent Refinement Workers: 8
 Periodic GC: Disabled
Heap:
 garbage-first heap   total 262144K, used 74288K [0x00000000e0000000, 0x0000000100000000)
  region size 1024K, 31 young (31744K), 20 survivors (20480K)
 Metaspace       used 62515K, committed 63104K, reserved 270336K
  class space    used 8531K, committed 8832K, reserved 212992K
GC Heap History (18 events):
Event: 0.647 GC heap before
{Heap before GC invocations=0 (full 0):
 garbage-first heap   total 262144K, used 28672K [0x00000000e0000000, 0x0000000100000000)
  region size 1024K, 23 young (23552K), 0 survivors (0K)
 Metaspace       used 2990K, committed 3136K, reserved 221184K
  class space    used 382K, committed 448K, reserved 212992K
}
Event: 0.651 GC heap after
{Heap after GC invocations=1 (full 0):
 garbage-first heap   total 262144K, used 9182K [0x00000000e0000000, 0x0000000100000000)
  region size 1024K, 3 young (3072K), 3 survivors (3072K)
 Metaspace       used 2990K, committed 3136K, reserved 221184K
  class space    used 382K, committed 448K, reserved 212992K
}
Event: 1.043 GC heap before
{Heap before GC invocations=1 (full 0):
 garbage-first heap   total 262144K, used 37854K [0x00000000e0000000, 0x0000000100000000)
  region size 1024K, 31 young (31744K), 3 survivors (3072K)
 Metaspace       used 3933K, committed 4096K, reserved 221184K
  class space    used 478K, committed 576K, reserved 212992K
}
Event: 1.047 GC heap after
{Heap after GC invocations=2 (full 0):
 garbage-first heap   total 262144K, used 13586K [0x00000000e0000000, 0x0000000100000000)
  region size 1024K, 4 young (4096K), 4 survivors (4096K)
 Metaspace       used 3933K, committed 4096K, reserved 221184K
  class space    used 478K, committed 576K, reserved 212992K
}
Event: 3.932 GC heap before
{Heap before GC invocations=2 (full 0):
 garbage-first heap   total 262144K, used 114962K [0x00000000e0000000, 0x0000000100000000)
  region size 1024K, 104 young (106496K), 4 survivors (4096K)
 Metaspace       used 21278K, committed 21504K, reserved 237568K
  class space    used 3155K, committed 3264K, reserved 212992K
}
Event: 3.942 GC heap after
{Heap after GC invocations=3 (full 0):
 garbage-first heap   total 262144K, used 20719K [0x00000000e0000000, 0x0000000100000000)
  region size 1024K, 11 young (11264K), 11 survivors (11264K)
 Metaspace       used 21278K, committed 21504K, reserved 237568K
  class space    used 3155K, committed 3264K, reserved 212992K
}
Event: 6.790 GC heap before
{Heap before GC invocations=4 (full 0):
 garbage-first heap   total 262144K, used 128239K [0x00000000e0000000, 0x0000000100000000)
  region size 1024K, 115 young (117760K), 11 survivors (11264K)
 Metaspace       used 35652K, committed 35968K, reserved 245760K
  class space    used 4963K, committed 5120K, reserved 212992K
}
Event: 6.806 GC heap after
{Heap after GC invocations=5 (full 0):
 garbage-first heap   total 262144K, used 30589K [0x00000000e0000000, 0x0000000100000000)
  region size 1024K, 17 young (17408K), 17 survivors (17408K)
 Metaspace       used 35652K, committed 35968K, reserved 245760K
  class space    used 4963K, committed 5120K, reserved 212992K
}
Event: 6.833 GC heap before
{Heap before GC invocations=5 (full 0):
 garbage-first heap   total 262144K, used 30589K [0x00000000e0000000, 0x0000000100000000)
  region size 1024K, 18 young (18432K), 17 survivors (17408K)
 Metaspace       used 35779K, committed 36160K, reserved 245760K
  class space    used 4987K, committed 5184K, reserved 212992K
}
Event: 6.845 GC heap after
{Heap after GC invocations=6 (full 0):
 garbage-first heap   total 262144K, used 31821K [0x00000000e0000000, 0x0000000100000000)
  region size 1024K, 3 young (3072K), 3 survivors (3072K)
 Metaspace       used 35779K, committed 36160K, reserved 245760K
  class space    used 4987K, committed 5184K, reserved 212992K
}
Event: 6.881 GC heap before
{Heap before GC invocations=6 (full 0):
 garbage-first heap   total 262144K, used 32845K [0x00000000e0000000, 0x0000000100000000)
  region size 1024K, 5 young (5120K), 3 survivors (3072K)
 Metaspace       used 35981K, committed 36288K, reserved 245760K
  class space    used 5008K, committed 5184K, reserved 212992K
}
Event: 6.882 GC heap after
{Heap after GC invocations=7 (full 0):
 garbage-first heap   total 262144K, used 30168K [0x00000000e0000000, 0x0000000100000000)
  region size 1024K, 1 young (1024K), 1 survivors (1024K)
 Metaspace       used 35981K, committed 36288K, reserved 245760K
  class space    used 5008K, committed 5184K, reserved 212992K
}
Event: 10.586 GC heap before
{Heap before GC invocations=8 (full 0):
 garbage-first heap   total 262144K, used 185816K [0x00000000e0000000, 0x0000000100000000)
  region size 1024K, 153 young (156672K), 1 survivors (1024K)
 Metaspace       used 48429K, committed 49024K, reserved 262144K
  class space    used 6802K, committed 7104K, reserved 212992K
}
Event: 10.604 GC heap after
{Heap after GC invocations=9 (full 0):
 garbage-first heap   total 262144K, used 42642K [0x00000000e0000000, 0x0000000100000000)
  region size 1024K, 13 young (13312K), 13 survivors (13312K)
 Metaspace       used 48429K, committed 49024K, reserved 262144K
  class space    used 6802K, committed 7104K, reserved 212992K
}
Event: 12.494 GC heap before
{Heap before GC invocations=10 (full 0):
 garbage-first heap   total 262144K, used 184978K [0x00000000e0000000, 0x0000000100000000)
  region size 1024K, 153 young (156672K), 13 survivors (13312K)
 Metaspace       used 50505K, committed 51008K, reserved 262144K
  class space    used 7038K, committed 7296K, reserved 212992K
}
Event: 12.517 GC heap after
{Heap after GC invocations=11 (full 0):
 garbage-first heap   total 262144K, used 52792K [0x00000000e0000000, 0x0000000100000000)
  region size 1024K, 11 young (11264K), 11 survivors (11264K)
 Metaspace       used 50505K, committed 51008K, reserved 262144K
  class space    used 7038K, committed 7296K, reserved 212992K
}
Event: 16.708 GC heap before
{Heap before GC invocations=11 (full 0):
 garbage-first heap   total 262144K, used 199224K [0x00000000e0000000, 0x0000000100000000)
  region size 1024K, 153 young (156672K), 11 survivors (11264K)
 Metaspace       used 62004K, committed 62656K, reserved 270336K
  class space    used 8474K, committed 8768K, reserved 212992K
}
Event: 16.728 GC heap after
{Heap after GC invocations=12 (full 0):
 garbage-first heap   total 262144K, used 64048K [0x00000000e0000000, 0x0000000100000000)
  region size 1024K, 20 young (20480K), 20 survivors (20480K)
 Metaspace       used 62004K, committed 62656K, reserved 270336K
  class space    used 8474K, committed 8768K, reserved 212992K
}

