# JRE version: OpenJDK Runtime Environment Corretto-17.0.3.6.1 (17.0.3+6) (build 17.0.3+6-LTS)
# Java VM: OpenJDK 64-Bit Server VM Corretto-17.0.3.6.1 (17.0.3+6-LTS, mixed mode, sharing, tiered, compressed oops, compressed class ptrs, g1 gc, windows-amd64)
GC Precious Log:
 CPUs: 8 total, 8 available
 Memory: 16268M
 Large Page Support: Disabled
 NUMA Support: Disabled
 Compressed Oops: Enabled (32-bit)
 Heap Region Size: 1M
 Heap Min Capacity: 256M
 Heap Initial Capacity: 256M
 Heap Max Capacity: 512M
 Pre-touch: Disabled
 Parallel Workers: 8
 Concurrent Workers: 2
 Concurrent Refinement Workers: 8
 Periodic GC: Disabled
Heap:
 garbage-first heap   total 262144K, used 110530K [0x00000000e0000000, 0x0000000100000000)
  region size 1024K, 69 young (70656K), 8 survivors (8192K)
 Metaspace       used 50994K, committed 51584K, reserved 262144K
  class space    used 7086K, committed 7360K, reserved 212992K
GC Heap History (12 events):
Event: 0.623 GC heap before
{Heap before GC invocations=0 (full 0):
 garbage-first heap   total 262144K, used 28672K [0x00000000e0000000, 0x0000000100000000)
  region size 1024K, 23 young (23552K), 0 survivors (0K)
 Metaspace       used 2990K, committed 3136K, reserved 221184K
  class space    used 382K, committed 448K, reserved 212992K
}
Event: 0.626 GC heap after
{Heap after GC invocations=1 (full 0):
 garbage-first heap   total 262144K, used 9100K [0x00000000e0000000, 0x0000000100000000)
  region size 1024K, 3 young (3072K), 3 survivors (3072K)
 Metaspace       used 2990K, committed 3136K, reserved 221184K
  class space    used 382K, committed 448K, reserved 212992K
}
Event: 0.992 GC heap before
{Heap before GC invocations=1 (full 0):
 garbage-first heap   total 262144K, used 38796K [0x00000000e0000000, 0x0000000100000000)
  region size 1024K, 31 young (31744K), 3 survivors (3072K)
 Metaspace       used 3920K, committed 4096K, reserved 221184K
  class space    used 478K, committed 576K, reserved 212992K
}
Event: 0.996 GC heap after
{Heap after GC invocations=2 (full 0):
 garbage-first heap   total 262144K, used 13712K [0x00000000e0000000, 0x0000000100000000)
  region size 1024K, 4 young (4096K), 4 survivors (4096K)
 Metaspace       used 3920K, committed 4096K, reserved 221184K
  class space    used 478K, committed 576K, reserved 212992K
}
Event: 3.599 GC heap before
{Heap before GC invocations=2 (full 0):
 garbage-first heap   total 262144K, used 115088K [0x00000000e0000000, 0x0000000100000000)
  region size 1024K, 104 young (106496K), 4 survivors (4096K)
 Metaspace       used 21278K, committed 21504K, reserved 237568K
  class space    used 3159K, committed 3264K, reserved 212992K
}
Event: 3.612 GC heap after
{Heap after GC invocations=3 (full 0):
 garbage-first heap   total 262144K, used 20588K [0x00000000e0000000, 0x0000000100000000)
  region size 1024K, 11 young (11264K), 11 survivors (11264K)
 Metaspace       used 21278K, committed 21504K, reserved 237568K
  class space    used 3159K, committed 3264K, reserved 212992K
}
Event: 5.636 GC heap before
{Heap before GC invocations=4 (full 0):
 garbage-first heap   total 262144K, used 128108K [0x00000000e0000000, 0x0000000100000000)
  region size 1024K, 115 young (117760K), 11 survivors (11264K)
 Metaspace       used 35616K, committed 35968K, reserved 245760K
  class space    used 4963K, committed 5120K, reserved 212992K
}
Event: 5.649 GC heap after
{Heap after GC invocations=5 (full 0):
 garbage-first heap   total 262144K, used 30820K [0x00000000e0000000, 0x0000000100000000)
  region size 1024K, 17 young (17408K), 17 survivors (17408K)
 Metaspace       used 35616K, committed 35968K, reserved 245760K
  class space    used 4963K, committed 5120K, reserved 212992K
}
Event: 8.083 GC heap before
{Heap before GC invocations=6 (full 0):
 garbage-first heap   total 262144K, used 171108K [0x00000000e0000000, 0x0000000100000000)
  region size 1024K, 153 young (156672K), 17 survivors (17408K)
 Metaspace       used 46909K, committed 47424K, reserved 262144K
  class space    used 6641K, committed 6912K, reserved 212992K
}
Event: 8.103 GC heap after
{Heap after GC invocations=7 (full 0):
 garbage-first heap   total 262144K, used 41539K [0x00000000e0000000, 0x0000000100000000)
  region size 1024K, 20 young (20480K), 20 survivors (20480K)
 Metaspace       used 46909K, committed 47424K, reserved 262144K
  class space    used 6641K, committed 6912K, reserved 212992K
}
Event: 9.722 GC heap before
{Heap before GC invocations=7 (full 0):
 garbage-first heap   total 262144K, used 176707K [0x00000000e0000000, 0x0000000100000000)
  region size 1024K, 153 young (156672K), 20 survivors (20480K)
 Metaspace       used 50387K, committed 50944K, reserved 262144K
  class space    used 7012K, committed 7296K, reserved 212992K
}
Event: 9.741 GC heap after
{Heap after GC invocations=8 (full 0):
 garbage-first heap   total 262144K, used 50114K [0x00000000e0000000, 0x0000000100000000)
  region size 1024K, 8 young (8192K), 8 survivors (8192K)
 Metaspace       used 50387K, committed 50944K, reserved 262144K
  class space    used 7012K, committed 7296K, reserved 212992K
}

